Started by user unknown or anonymous
org.codehaus.groovy.control.MultipleCompilationErrorsException: startup failed:
WorkflowScript: 10: Unknown stage section "echo". Starting with version 0.5, steps in a stage must be in a ‘steps’ block. @ line 10, column 8.
          stage('Init') {
          ^

WorkflowScript: 13: Expected a stage @ line 13, column 5.
       def dates = input (
       ^

WorkflowScript: 38: Expected a stage @ line 38, column 5.
       echo ("Date to Start: " + dates['Start Date Time'])
       ^

WorkflowScript: 39: Expected a stage @ line 39, column 5.
       echo ("Date to End: " + dates['End Date'])
       ^

WorkflowScript: 40: Expected a stage @ line 40, column 5.
       echo ("Time to End: " + dates['End Time'])
       ^

WorkflowScript: 10: Expected one of "steps", "stages", or "parallel" for stage "Init" @ line 10, column 8.
          stage('Init') {
          ^

6 errors

	at org.codehaus.groovy.control.ErrorCollector.failIfErrors(ErrorCollector.java:309)
	at org.codehaus.groovy.control.CompilationUnit.applyToPrimaryClassNodes(CompilationUnit.java:1107)
	at org.codehaus.groovy.control.CompilationUnit.doPhaseOperation(CompilationUnit.java:624)
	at org.codehaus.groovy.control.CompilationUnit.processPhaseOperations(CompilationUnit.java:602)
	at org.codehaus.groovy.control.CompilationUnit.compile(CompilationUnit.java:579)
	at groovy.lang.GroovyClassLoader.doParseClass(GroovyClassLoader.java:323)
	at groovy.lang.GroovyClassLoader.parseClass(GroovyClassLoader.java:293)
	at groovy.lang.GroovyShell.parseClass(GroovyShell.java:677)
	at groovy.lang.GroovyShell.parse(GroovyShell.java:689)
	at org.jenkinsci.plugins.workflow.cps.CpsGroovyShell.doParse(CpsGroovyShell.java:142)
	at org.jenkinsci.plugins.workflow.cps.CpsGroovyShell.reparse(CpsGroovyShell.java:127)
	at org.jenkinsci.plugins.workflow.cps.CpsFlowExecution.parseScript(CpsFlowExecution.java:572)
	at org.jenkinsci.plugins.workflow.cps.CpsFlowExecution.start(CpsFlowExecution.java:524)
	at org.jenkinsci.plugins.workflow.job.WorkflowRun.run(WorkflowRun.java:335)
	at hudson.model.ResourceController.execute(ResourceController.java:101)
	at hudson.model.Executor.run(Executor.java:442)
Finished: FAILURE
